2025-04-18 10:00:38 -  - exec CUpdateClientPartner::__CollectRequestData
2025-04-18 10:00:38 -  - exec CUpdateClientPartner::GetHTTPPage
2025-04-18 10:00:39 -  - exec CUpdateClientPartner::ParseServerData
2025-04-18 10:00:39 -  - exec CUpdateClientPartner::GetUpdatesList
2025-04-18 10:00:39 -  - exec CUpdateClientPartner::__CollectRequestData
2025-04-18 10:00:39 -  - utf=Y&lang=ru&stable=Y&CANGZIP=Y&SUPD_DBS=MYSQL&XE=N&CLIENT_SITE=helloims.beget.tech&LICENSE_KEY=X&SUPD_STS=1&SUPD_URS=0&TYPENC=D&CLIENT_PHPVER=8.1.30&NGINX=Y&dbv=8.0.34&instm=main%2C24.0.796%2CY%3Bform%2C24.0.0%2CN%3Bperfmon%2C24.0.0%2CN%3Bbizprocdesigner%2C24.400.0%2CN%3Bsupport%2C24.100.0%2CN%3Blists%2C24.400.0%2CN%3Bblog%2C24.0.0%2CN%3Bidea%2C24.100.0%2CN%3Bforum%2C24.100.300%2CN%3Bseo%2C24.300.0%2CN%3Blearning%2C24.300.0%2CN%3Bsocialnetwork%2C24.0.0%2CN%3Bui%2C24.300.0%2CN%3Bmobileapp%2C24.0.0%2CN%3Bsender%2C24.200.0%2CN%3Blanding%2C24.400.300%2CN%3Bbitrix.sitecorporate%2C24.0.0%2CN%3Brest%2C24.500.0%2CN%3Bcatalog%2C24.100.300%2CN%3Bclouds%2C24.100.0%2CN%3Bsecurity%2C24.0.0%2CN%3Bsubscribe%2C24.0.0%2CN%3Bb24connector%2C24.0.0%2CN%3Bhighloadblock%2C24.0.201%2CN%3Blocation%2C24.100.0%2CN%3Bphotogallery%2C24.100.0%2CN%3Bcurrency%2C24.0.0%2CN%3Bbitrixcloud%2C24.0.0%2CN%3Bstatistic%2C24.100.0%2CN%3Bmessageservice%2C24.500.0%2CN%3Bsocialservices%2C24.0.200%2CN%3Bconversion%2C24.0.0%2CN%3Bvote%2C24.0.0%2CN%3Btranslate%2C24.0.0%2CN%3Bwiki%2C24.100.0%2CN%3Biblock%2C24.0.200%2CN%3Bpull%2C24.400.100%2CN%3Badvertising%2C24.100.0%2CN%3Bcalendar%2C24.50.100%2CN%3Bsearch%2C24.0.0%2CN%3Bmail%2C24.300.0%2CN%3Bwebservice%2C24.0.0%2CN%3Bbizproc%2C24.400.400%2CN%3Bfileman%2C24.100.0%2CN%3Bsale%2C24.200.50%2CN%3Bbitrix.eshop%2C24.0.0%2CN%3Bim%2C24.900.100%2CN%3Bstoreassist%2C24.0.0%2CN%3Bworkflow%2C24.0.0%2CN%3Babtest%2C24.100.0%2CN%3Breport%2C24.100.0%2CN&reqm=bitrix.sitecorporate%2Cbitrix.eshop&fullmoduleinfo=Y&SUPD_SRS=RU&SUPD_CMP=N
2025-04-18 10:00:39 -  - exec CUpdateClientPartner::GetHTTPPage
2025-04-18 10:00:39 -  - TIME GetUpdatesList(request) 0.295 sec
2025-04-18 10:00:39 -  - exec CUpdateClientPartner::ParseServerData
2025-04-18 10:00:39 -  - exec CUpdateClientPartner::__CollectRequestData
2025-04-18 10:00:39 -  - exec CUpdateClientPartner::GetHTTPPage
2025-04-18 10:00:39 -  - exec CUpdateClientPartner::ParseServerData
2025-04-18 10:00:49 -  - exec CUpdateClientPartner::GetUpdatesList
2025-04-18 10:00:49 -  - exec CUpdateClientPartner::__CollectRequestData
2025-04-18 10:00:49 -  - utf=Y&lang=ru&stable=Y&CANGZIP=Y&SUPD_DBS=MYSQL&XE=N&CLIENT_SITE=helloims.beget.tech&LICENSE_KEY=X&SUPD_STS=1&SUPD_URS=0&TYPENC=D&CLIENT_PHPVER=8.1.30&NGINX=Y&dbv=8.0.34&instm=main%2C24.0.796%2CY%3Bform%2C24.0.0%2CN%3Bperfmon%2C24.0.0%2CN%3Bbizprocdesigner%2C24.400.0%2CN%3Bsupport%2C24.100.0%2CN%3Blists%2C24.400.0%2CN%3Bblog%2C24.0.0%2CN%3Bidea%2C24.100.0%2CN%3Bforum%2C24.100.300%2CN%3Bseo%2C24.300.0%2CN%3Blearning%2C24.300.0%2CN%3Bsocialnetwork%2C24.0.0%2CN%3Bui%2C24.300.0%2CN%3Bmobileapp%2C24.0.0%2CN%3Bsender%2C24.200.0%2CN%3Blanding%2C24.400.300%2CN%3Bbitrix.sitecorporate%2C24.0.0%2CN%3Brest%2C24.500.0%2CN%3Bcatalog%2C24.100.300%2CN%3Bclouds%2C24.100.0%2CN%3Bsecurity%2C24.0.0%2CN%3Bsubscribe%2C24.0.0%2CN%3Bb24connector%2C24.0.0%2CN%3Bhighloadblock%2C24.0.201%2CN%3Blocation%2C24.100.0%2CN%3Bphotogallery%2C24.100.0%2CN%3Bcurrency%2C24.0.0%2CN%3Bbitrixcloud%2C24.0.0%2CN%3Bstatistic%2C24.100.0%2CN%3Bmessageservice%2C24.500.0%2CN%3Bsocialservices%2C24.0.200%2CN%3Bconversion%2C24.0.0%2CN%3Bvote%2C24.0.0%2CN%3Btranslate%2C24.0.0%2CN%3Bwiki%2C24.100.0%2CN%3Biblock%2C24.0.200%2CN%3Bpull%2C24.400.100%2CN%3Badvertising%2C24.100.0%2CN%3Bcalendar%2C24.50.100%2CN%3Bsearch%2C24.0.0%2CN%3Bmail%2C24.300.0%2CN%3Bwebservice%2C24.0.0%2CN%3Bbizproc%2C24.400.400%2CN%3Bfileman%2C24.100.0%2CN%3Bsale%2C24.200.50%2CN%3Bbitrix.eshop%2C24.0.0%2CN%3Bim%2C24.900.100%2CN%3Bstoreassist%2C24.0.0%2CN%3Bworkflow%2C24.0.0%2CN%3Babtest%2C24.100.0%2CN%3Breport%2C24.100.0%2CN&reqm=bitrix.sitecorporate%2Cbitrix.eshop&fullmoduleinfo=Y&SUPD_SRS=RU&SUPD_CMP=N
2025-04-18 10:00:49 -  - exec CUpdateClientPartner::GetHTTPPage
2025-04-18 10:00:49 -  - TIME GetUpdatesList(request) 0.183 sec
2025-04-18 10:00:49 -  - exec CUpdateClientPartner::ParseServerData
2025-04-18 10:00:59 -  - exec CUpdateClientPartner::GetUpdatesList
2025-04-18 10:00:59 -  - exec CUpdateClientPartner::__CollectRequestData
2025-04-18 10:00:59 -  - utf=Y&lang=ru&stable=Y&CANGZIP=Y&SUPD_DBS=MYSQL&XE=N&CLIENT_SITE=helloims.beget.tech&LICENSE_KEY=X&SUPD_STS=1&SUPD_URS=0&TYPENC=D&CLIENT_PHPVER=8.1.30&NGINX=Y&dbv=8.0.34&instm=main%2C24.0.796%2CY%3Bform%2C24.0.0%2CN%3Bperfmon%2C24.0.0%2CN%3Bbizprocdesigner%2C24.400.0%2CN%3Bsupport%2C24.100.0%2CN%3Blists%2C24.400.0%2CN%3Bblog%2C24.0.0%2CN%3Bidea%2C24.100.0%2CN%3Bforum%2C24.100.300%2CN%3Bseo%2C24.300.0%2CN%3Blearning%2C24.300.0%2CN%3Bsocialnetwork%2C24.0.0%2CN%3Bui%2C24.300.0%2CN%3Bmobileapp%2C24.0.0%2CN%3Bsender%2C24.200.0%2CN%3Blanding%2C24.400.300%2CN%3Bbitrix.sitecorporate%2C24.0.0%2CN%3Brest%2C24.500.0%2CN%3Bcatalog%2C24.100.300%2CN%3Bclouds%2C24.100.0%2CN%3Bsecurity%2C24.0.0%2CN%3Bsubscribe%2C24.0.0%2CN%3Bb24connector%2C24.0.0%2CN%3Bhighloadblock%2C24.0.201%2CN%3Blocation%2C24.100.0%2CN%3Bphotogallery%2C24.100.0%2CN%3Bcurrency%2C24.0.0%2CN%3Bbitrixcloud%2C24.0.0%2CN%3Bstatistic%2C24.100.0%2CN%3Bmessageservice%2C24.500.0%2CN%3Bsocialservices%2C24.0.200%2CN%3Bconversion%2C24.0.0%2CN%3Bvote%2C24.0.0%2CN%3Btranslate%2C24.0.0%2CN%3Bwiki%2C24.100.0%2CN%3Biblock%2C24.0.200%2CN%3Bpull%2C24.400.100%2CN%3Badvertising%2C24.100.0%2CN%3Bcalendar%2C24.50.100%2CN%3Bsearch%2C24.0.0%2CN%3Bmail%2C24.300.0%2CN%3Bwebservice%2C24.0.0%2CN%3Bbizproc%2C24.400.400%2CN%3Bfileman%2C24.100.0%2CN%3Bsale%2C24.200.50%2CN%3Bbitrix.eshop%2C24.0.0%2CN%3Bim%2C24.900.100%2CN%3Bstoreassist%2C24.0.0%2CN%3Bworkflow%2C24.0.0%2CN%3Babtest%2C24.100.0%2CN%3Breport%2C24.100.0%2CN&reqm=bitrix.sitecorporate%2Cbitrix.eshop%2Csotbit.multibasket&SUPD_SRS=RU&SUPD_CMP=N
2025-04-18 10:00:59 -  - exec CUpdateClientPartner::GetHTTPPage
2025-04-18 10:00:59 -  - TIME GetUpdatesList(request) 0.211 sec
2025-04-18 10:00:59 -  - exec CUpdateClientPartner::ParseServerData
2025-04-18 10:01:07 -  - exec CUpdateClientPartner::LoadModulesUpdates
2025-04-18 10:01:07 -  - exec CUpdateClientPartner::__CollectRequestData
2025-04-18 10:01:07 -  - utf=Y&lang=ru&stable=Y&CANGZIP=Y&SUPD_DBS=MYSQL&XE=N&CLIENT_SITE=helloims.beget.tech&LICENSE_KEY=X&SUPD_STS=1&SUPD_URS=0&TYPENC=D&CLIENT_PHPVER=8.1.30&NGINX=Y&dbv=8.0.34&instm=main%2C24.0.796%2CY%3Bform%2C24.0.0%2CN%3Bperfmon%2C24.0.0%2CN%3Bbizprocdesigner%2C24.400.0%2CN%3Bsupport%2C24.100.0%2CN%3Blists%2C24.400.0%2CN%3Bblog%2C24.0.0%2CN%3Bidea%2C24.100.0%2CN%3Bforum%2C24.100.300%2CN%3Bseo%2C24.300.0%2CN%3Blearning%2C24.300.0%2CN%3Bsocialnetwork%2C24.0.0%2CN%3Bui%2C24.300.0%2CN%3Bmobileapp%2C24.0.0%2CN%3Bsender%2C24.200.0%2CN%3Blanding%2C24.400.300%2CN%3Bbitrix.sitecorporate%2C24.0.0%2CN%3Brest%2C24.500.0%2CN%3Bcatalog%2C24.100.300%2CN%3Bclouds%2C24.100.0%2CN%3Bsecurity%2C24.0.0%2CN%3Bsubscribe%2C24.0.0%2CN%3Bb24connector%2C24.0.0%2CN%3Bhighloadblock%2C24.0.201%2CN%3Blocation%2C24.100.0%2CN%3Bphotogallery%2C24.100.0%2CN%3Bcurrency%2C24.0.0%2CN%3Bbitrixcloud%2C24.0.0%2CN%3Bstatistic%2C24.100.0%2CN%3Bmessageservice%2C24.500.0%2CN%3Bsocialservices%2C24.0.200%2CN%3Bconversion%2C24.0.0%2CN%3Bvote%2C24.0.0%2CN%3Btranslate%2C24.0.0%2CN%3Bwiki%2C24.100.0%2CN%3Biblock%2C24.0.200%2CN%3Bpull%2C24.400.100%2CN%3Badvertising%2C24.100.0%2CN%3Bcalendar%2C24.50.100%2CN%3Bsearch%2C24.0.0%2CN%3Bmail%2C24.300.0%2CN%3Bwebservice%2C24.0.0%2CN%3Bbizproc%2C24.400.400%2CN%3Bfileman%2C24.100.0%2CN%3Bsale%2C24.200.50%2CN%3Bbitrix.eshop%2C24.0.0%2CN%3Bim%2C24.900.100%2CN%3Bstoreassist%2C24.0.0%2CN%3Bworkflow%2C24.0.0%2CN%3Babtest%2C24.100.0%2CN%3Breport%2C24.100.0%2CN&reqm=sotbit.multibasket&lim=Y&SUPD_SRS=RU&SUPD_CMP=N
2025-04-18 10:01:07 -  - exec CUpdateClientPartner::GetHTTPPage
2025-04-18 10:01:07 -  - TIME LoadModulesUpdates(request) 0.262 sec
2025-04-18 10:01:07 -  - exec CUpdateClientPartner::ParseServerData
2025-04-18 10:01:07 - S - STEP
2025-04-18 10:01:07 - LMU01 - LoadModulesUpdates-Step
2025-04-18 10:01:07 -  - exec CUpdateClientPartner::LoadModulesUpdates
2025-04-18 10:01:07 -  - exec CUpdateClientPartner::ParseServerData
2025-04-18 10:01:07 -  - loadFile
2025-04-18 10:01:08 - U - RETURN
2025-04-18 10:01:08 -  - exec CUpdateClientPartner::UnGzipArchive
2025-04-18 10:01:09 -  - TIME UnGzipArchive 1.406 sec
2025-04-18 10:01:12 -  - TIME UpdateStepModules 2.306 sec
2025-04-18 10:01:12 - UPD_SUCCESS - Updated: sotbit.multibasket
2025-04-18 10:01:12 -  - exec CUpdateClientPartner::LoadModulesUpdates
2025-04-18 10:01:12 -  - exec CUpdateClientPartner::__CollectRequestData
2025-04-18 10:01:12 -  - utf=Y&lang=ru&stable=Y&CANGZIP=Y&SUPD_DBS=MYSQL&XE=N&CLIENT_SITE=helloims.beget.tech&LICENSE_KEY=X&SUPD_STS=1&SUPD_URS=0&TYPENC=D&CLIENT_PHPVER=8.1.30&NGINX=Y&dbv=8.0.34&instm=main%2C24.0.796%2CY%3Bform%2C24.0.0%2CN%3Bperfmon%2C24.0.0%2CN%3Bbizprocdesigner%2C24.400.0%2CN%3Bsupport%2C24.100.0%2CN%3Blists%2C24.400.0%2CN%3Bblog%2C24.0.0%2CN%3Bidea%2C24.100.0%2CN%3Bforum%2C24.100.300%2CN%3Bseo%2C24.300.0%2CN%3Blearning%2C24.300.0%2CN%3Bsocialnetwork%2C24.0.0%2CN%3Bui%2C24.300.0%2CN%3Bmobileapp%2C24.0.0%2CN%3Bsender%2C24.200.0%2CN%3Blanding%2C24.400.300%2CN%3Bbitrix.sitecorporate%2C24.0.0%2CN%3Brest%2C24.500.0%2CN%3Bcatalog%2C24.100.300%2CN%3Bclouds%2C24.100.0%2CN%3Bsecurity%2C24.0.0%2CN%3Bsubscribe%2C24.0.0%2CN%3Bb24connector%2C24.0.0%2CN%3Bhighloadblock%2C24.0.201%2CN%3Blocation%2C24.100.0%2CN%3Bphotogallery%2C24.100.0%2CN%3Bcurrency%2C24.0.0%2CN%3Bbitrixcloud%2C24.0.0%2CN%3Bstatistic%2C24.100.0%2CN%3Bmessageservice%2C24.500.0%2CN%3Bsocialservices%2C24.0.200%2CN%3Bconversion%2C24.0.0%2CN%3Bsotbit.multibasket%2C1.1.8%2CY%3Bvote%2C24.0.0%2CN%3Btranslate%2C24.0.0%2CN%3Bwiki%2C24.100.0%2CN%3Biblock%2C24.0.200%2CN%3Bpull%2C24.400.100%2CN%3Badvertising%2C24.100.0%2CN%3Bcalendar%2C24.50.100%2CN%3Bsearch%2C24.0.0%2CN%3Bmail%2C24.300.0%2CN%3Bwebservice%2C24.0.0%2CN%3Bbizproc%2C24.400.400%2CN%3Bfileman%2C24.100.0%2CN%3Bsale%2C24.200.50%2CN%3Bbitrix.eshop%2C24.0.0%2CN%3Bim%2C24.900.100%2CN%3Bstoreassist%2C24.0.0%2CN%3Bworkflow%2C24.0.0%2CN%3Babtest%2C24.100.0%2CN%3Breport%2C24.100.0%2CN&reqm=sotbit.multibasket&lim=Y&SUPD_SRS=RU&SUPD_CMP=N
2025-04-18 10:01:12 -  - exec CUpdateClientPartner::GetHTTPPage
2025-04-18 10:01:13 -  - TIME LoadModulesUpdates(request) 0.285 sec
2025-04-18 10:01:13 -  - exec CUpdateClientPartner::ParseServerData
2025-04-18 10:01:13 - STEP - Finish - NOUPDATES
2025-04-18 10:01:13 - STEP - Finish - NOUPDATES
2025-04-18 10:03:29 -  - exec CUpdateClientPartner::GetUpdatesList
2025-04-18 10:03:29 -  - exec CUpdateClientPartner::__CollectRequestData
2025-04-18 10:03:29 -  - utf=Y&lang=ru&stable=Y&CANGZIP=Y&SUPD_DBS=MYSQL&XE=N&CLIENT_SITE=helloims.beget.tech&LICENSE_KEY=X&SUPD_STS=1&SUPD_URS=0&TYPENC=D&CLIENT_PHPVER=8.1.30&NGINX=Y&dbv=8.0.34&instm=main%2C24.0.796%2CY%3Bform%2C24.0.0%2CN%3Bperfmon%2C24.0.0%2CN%3Bbizprocdesigner%2C24.400.0%2CN%3Bsupport%2C24.100.0%2CN%3Blists%2C24.400.0%2CN%3Bblog%2C24.0.0%2CN%3Bidea%2C24.100.0%2CN%3Bforum%2C24.100.300%2CN%3Bseo%2C24.300.0%2CN%3Blearning%2C24.300.0%2CN%3Bsocialnetwork%2C24.0.0%2CN%3Bui%2C24.300.0%2CN%3Bmobileapp%2C24.0.0%2CN%3Bsender%2C24.200.0%2CN%3Blanding%2C24.400.300%2CN%3Bbitrix.sitecorporate%2C24.0.0%2CN%3Brest%2C24.500.0%2CN%3Bcatalog%2C24.100.300%2CN%3Bclouds%2C24.100.0%2CN%3Bsecurity%2C24.0.0%2CN%3Bsubscribe%2C24.0.0%2CN%3Bb24connector%2C24.0.0%2CN%3Bhighloadblock%2C24.0.201%2CN%3Blocation%2C24.100.0%2CN%3Bphotogallery%2C24.100.0%2CN%3Bcurrency%2C24.0.0%2CN%3Bbitrixcloud%2C24.0.0%2CN%3Bstatistic%2C24.100.0%2CN%3Bmessageservice%2C24.500.0%2CN%3Bsocialservices%2C24.0.200%2CN%3Bconversion%2C24.0.0%2CN%3Bsotbit.multibasket%2C1.1.8%2CY%3Bvote%2C24.0.0%2CN%3Btranslate%2C24.0.0%2CN%3Bwiki%2C24.100.0%2CN%3Biblock%2C24.0.200%2CN%3Bpull%2C24.400.100%2CN%3Badvertising%2C24.100.0%2CN%3Bcalendar%2C24.50.100%2CN%3Bsearch%2C24.0.0%2CN%3Bmail%2C24.300.0%2CN%3Bwebservice%2C24.0.0%2CN%3Bbizproc%2C24.400.400%2CN%3Bfileman%2C24.100.0%2CN%3Bsale%2C24.200.50%2CN%3Bbitrix.eshop%2C24.0.0%2CN%3Bim%2C24.900.100%2CN%3Bstoreassist%2C24.0.0%2CN%3Bworkflow%2C24.0.0%2CN%3Babtest%2C24.100.0%2CN%3Breport%2C24.100.0%2CN&reqm=bitrix.sitecorporate%2Csotbit.multibasket%2Cbitrix.eshop&fullmoduleinfo=Y&SUPD_SRS=RU&SUPD_CMP=N
2025-04-18 10:03:29 -  - exec CUpdateClientPartner::GetHTTPPage
2025-04-18 10:03:30 -  - TIME GetUpdatesList(request) 0.294 sec
2025-04-18 10:03:30 -  - exec CUpdateClientPartner::ParseServerData
2025-04-18 10:03:31 -  - exec CUpdateClientPartner::LoadModuleNoDemand
2025-04-18 10:03:31 -  - exec CUpdateClientPartner::__CollectRequestData
2025-04-18 10:03:31 -  - utf=Y&lang=ru&stable=Y&CANGZIP=Y&SUPD_DBS=MYSQL&XE=N&CLIENT_SITE=helloims.beget.tech&LICENSE_KEY=X&SUPD_STS=1&SUPD_URS=0&TYPENC=D&CLIENT_PHPVER=8.1.30&NGINX=Y&dbv=8.0.34&instm=main%2C24.0.796%2CY%3Bform%2C24.0.0%2CN%3Bperfmon%2C24.0.0%2CN%3Bbizprocdesigner%2C24.400.0%2CN%3Bsupport%2C24.100.0%2CN%3Blists%2C24.400.0%2CN%3Bblog%2C24.0.0%2CN%3Bidea%2C24.100.0%2CN%3Bforum%2C24.100.300%2CN%3Bseo%2C24.300.0%2CN%3Blearning%2C24.300.0%2CN%3Bsocialnetwork%2C24.0.0%2CN%3Bui%2C24.300.0%2CN%3Bmobileapp%2C24.0.0%2CN%3Bsender%2C24.200.0%2CN%3Blanding%2C24.400.300%2CN%3Bbitrix.sitecorporate%2C24.0.0%2CN%3Brest%2C24.500.0%2CN%3Bcatalog%2C24.100.300%2CN%3Bclouds%2C24.100.0%2CN%3Bsecurity%2C24.0.0%2CN%3Bsubscribe%2C24.0.0%2CN%3Bb24connector%2C24.0.0%2CN%3Bhighloadblock%2C24.0.201%2CN%3Blocation%2C24.100.0%2CN%3Bphotogallery%2C24.100.0%2CN%3Bcurrency%2C24.0.0%2CN%3Bbitrixcloud%2C24.0.0%2CN%3Bstatistic%2C24.100.0%2CN%3Bmessageservice%2C24.500.0%2CN%3Bsocialservices%2C24.0.200%2CN%3Bconversion%2C24.0.0%2CN%3Bsotbit.multibasket%2C1.1.8%2CY%3Bvote%2C24.0.0%2CN%3Btranslate%2C24.0.0%2CN%3Bwiki%2C24.100.0%2CN%3Biblock%2C24.0.200%2CN%3Bpull%2C24.400.100%2CN%3Badvertising%2C24.100.0%2CN%3Bcalendar%2C24.50.100%2CN%3Bsearch%2C24.0.0%2CN%3Bmail%2C24.300.0%2CN%3Bwebservice%2C24.0.0%2CN%3Bbizproc%2C24.400.400%2CN%3Bfileman%2C24.100.0%2CN%3Bsale%2C24.200.50%2CN%3Bbitrix.eshop%2C24.0.0%2CN%3Bim%2C24.900.100%2CN%3Bstoreassist%2C24.0.0%2CN%3Bworkflow%2C24.0.0%2CN%3Babtest%2C24.100.0%2CN%3Breport%2C24.100.0%2CN&reqm=sotbit.info&lim=Y&SUPD_SRS=RU&SUPD_CMP=N
2025-04-18 10:03:31 -  - exec CUpdateClientPartner::GetHTTPPage
2025-04-18 10:03:31 -  - TIME LoadModuleNoDemand(request) 0.21 sec
2025-04-18 10:03:31 -  - exec CUpdateClientPartner::UnGzipArchive
2025-04-18 10:03:31 -  - TIME UnGzipArchive 0.006 sec
2025-04-18 10:03:31 -  - exec CUpdateClientPartner::GetStepUpdateInfo
2025-04-18 10:03:31 -  - exec CUpdateClientPartner::ParseServerData
2025-04-18 10:03:31 -  - TIME UpdateStepModules 0.007 sec
2025-04-18 10:03:51 -  - exec CUpdateClientPartner::GetUpdatesList
2025-04-18 10:03:51 -  - exec CUpdateClientPartner::__CollectRequestData
2025-04-18 10:03:51 -  - utf=Y&lang=ru&stable=Y&CANGZIP=Y&SUPD_DBS=MYSQL&XE=N&CLIENT_SITE=helloims.beget.tech&LICENSE_KEY=X&SUPD_STS=1&SUPD_URS=0&TYPENC=D&CLIENT_PHPVER=8.1.30&NGINX=Y&dbv=8.0.34&instm=main%2C24.0.796%2CY%3Bform%2C24.0.0%2CN%3Bperfmon%2C24.0.0%2CN%3Bbizprocdesigner%2C24.400.0%2CN%3Bsupport%2C24.100.0%2CN%3Blists%2C24.400.0%2CN%3Bblog%2C24.0.0%2CN%3Bidea%2C24.100.0%2CN%3Bforum%2C24.100.300%2CN%3Bseo%2C24.300.0%2CN%3Blearning%2C24.300.0%2CN%3Bsocialnetwork%2C24.0.0%2CN%3Bui%2C24.300.0%2CN%3Bmobileapp%2C24.0.0%2CN%3Bsender%2C24.200.0%2CN%3Blanding%2C24.400.300%2CN%3Bbitrix.sitecorporate%2C24.0.0%2CN%3Brest%2C24.500.0%2CN%3Bcatalog%2C24.100.300%2CN%3Bclouds%2C24.100.0%2CN%3Bsecurity%2C24.0.0%2CN%3Bsubscribe%2C24.0.0%2CN%3Bb24connector%2C24.0.0%2CN%3Bhighloadblock%2C24.0.201%2CN%3Blocation%2C24.100.0%2CN%3Bphotogallery%2C24.100.0%2CN%3Bcurrency%2C24.0.0%2CN%3Bbitrixcloud%2C24.0.0%2CN%3Bstatistic%2C24.100.0%2CN%3Bmessageservice%2C24.500.0%2CN%3Bsocialservices%2C24.0.200%2CN%3Bconversion%2C24.0.0%2CN%3Bsotbit.multibasket%2C1.1.8%2CY%3Bvote%2C24.0.0%2CN%3Btranslate%2C24.0.0%2CN%3Bwiki%2C24.100.0%2CN%3Biblock%2C24.0.200%2CN%3Bpull%2C24.400.100%2CN%3Badvertising%2C24.100.0%2CN%3Bcalendar%2C24.50.100%2CN%3Bsotbit.info%2C1.0.4%2CN%3Bsearch%2C24.0.0%2CN%3Bmail%2C24.300.0%2CN%3Bwebservice%2C24.0.0%2CN%3Bbizproc%2C24.400.400%2CN%3Bfileman%2C24.100.0%2CN%3Bsale%2C24.200.50%2CN%3Bbitrix.eshop%2C24.0.0%2CN%3Bim%2C24.900.100%2CN%3Bstoreassist%2C24.0.0%2CN%3Bworkflow%2C24.0.0%2CN%3Babtest%2C24.100.0%2CN%3Breport%2C24.100.0%2CN&reqm=bitrix.sitecorporate%2Csotbit.multibasket%2Csotbit.info%2Cbitrix.eshop&fullmoduleinfo=Y&SUPD_SRS=RU&SUPD_CMP=N
2025-04-18 10:03:51 -  - exec CUpdateClientPartner::GetHTTPPage
2025-04-18 10:03:51 -  - TIME GetUpdatesList(request) 0.252 sec
2025-04-18 10:03:51 -  - exec CUpdateClientPartner::ParseServerData
2025-04-18 10:03:52 -  - exec CUpdateClientPartner::GetUpdatesList
2025-04-18 10:03:52 -  - exec CUpdateClientPartner::__CollectRequestData
2025-04-18 10:03:52 -  - utf=Y&lang=ru&stable=Y&CANGZIP=Y&SUPD_DBS=MYSQL&XE=N&CLIENT_SITE=helloims.beget.tech&LICENSE_KEY=X&SUPD_STS=1&SUPD_URS=0&TYPENC=D&CLIENT_PHPVER=8.1.30&NGINX=Y&dbv=8.0.34&instm=main%2C24.0.796%2CY%3Bform%2C24.0.0%2CN%3Bperfmon%2C24.0.0%2CN%3Bbizprocdesigner%2C24.400.0%2CN%3Bsupport%2C24.100.0%2CN%3Blists%2C24.400.0%2CN%3Bblog%2C24.0.0%2CN%3Bidea%2C24.100.0%2CN%3Bforum%2C24.100.300%2CN%3Bseo%2C24.300.0%2CN%3Blearning%2C24.300.0%2CN%3Bsocialnetwork%2C24.0.0%2CN%3Bui%2C24.300.0%2CN%3Bmobileapp%2C24.0.0%2CN%3Bsender%2C24.200.0%2CN%3Blanding%2C24.400.300%2CN%3Bbitrix.sitecorporate%2C24.0.0%2CN%3Brest%2C24.500.0%2CN%3Bcatalog%2C24.100.300%2CN%3Bclouds%2C24.100.0%2CN%3Bsecurity%2C24.0.0%2CN%3Bsubscribe%2C24.0.0%2CN%3Bb24connector%2C24.0.0%2CN%3Bhighloadblock%2C24.0.201%2CN%3Blocation%2C24.100.0%2CN%3Bphotogallery%2C24.100.0%2CN%3Bcurrency%2C24.0.0%2CN%3Bbitrixcloud%2C24.0.0%2CN%3Bstatistic%2C24.100.0%2CN%3Bmessageservice%2C24.500.0%2CN%3Bsocialservices%2C24.0.200%2CN%3Bconversion%2C24.0.0%2CN%3Bsotbit.multibasket%2C1.1.8%2CY%3Bvote%2C24.0.0%2CN%3Btranslate%2C24.0.0%2CN%3Bwiki%2C24.100.0%2CN%3Biblock%2C24.0.200%2CN%3Bpull%2C24.400.100%2CN%3Badvertising%2C24.100.0%2CN%3Bcalendar%2C24.50.100%2CN%3Bsotbit.info%2C1.0.4%2CN%3Bsearch%2C24.0.0%2CN%3Bmail%2C24.300.0%2CN%3Bwebservice%2C24.0.0%2CN%3Bbizproc%2C24.400.400%2CN%3Bfileman%2C24.100.0%2CN%3Bsale%2C24.200.50%2CN%3Bbitrix.eshop%2C24.0.0%2CN%3Bim%2C24.900.100%2CN%3Bstoreassist%2C24.0.0%2CN%3Bworkflow%2C24.0.0%2CN%3Babtest%2C24.100.0%2CN%3Breport%2C24.100.0%2CN&reqm=bitrix.sitecorporate%2Csotbit.multibasket%2Csotbit.info%2Cbitrix.eshop&fullmoduleinfo=Y&SUPD_SRS=RU&SUPD_CMP=N
2025-04-18 10:03:52 -  - exec CUpdateClientPartner::GetHTTPPage
2025-04-18 10:03:53 -  - TIME GetUpdatesList(request) 0.18 sec
2025-04-18 10:03:53 -  - exec CUpdateClientPartner::ParseServerData
2025-04-18 10:15:37 -  - exec CUpdateClientPartner::GetUpdatesList
2025-04-18 10:15:37 -  - exec CUpdateClientPartner::__CollectRequestData
2025-04-18 10:15:37 -  - utf=Y&lang=ru&stable=Y&CANGZIP=Y&SUPD_DBS=MYSQL&XE=N&CLIENT_SITE=helloims.beget.tech&LICENSE_KEY=X&SUPD_STS=1&SUPD_URS=0&TYPENC=D&CLIENT_PHPVER=8.1.30&NGINX=Y&dbv=8.0.34&instm=main%2C24.0.796%2CY%3Bform%2C24.0.0%2CN%3Bperfmon%2C24.0.0%2CN%3Bbizprocdesigner%2C24.400.0%2CN%3Bsupport%2C24.100.0%2CN%3Blists%2C24.400.0%2CN%3Bblog%2C24.0.0%2CN%3Bidea%2C24.100.0%2CN%3Bforum%2C24.100.300%2CN%3Bseo%2C24.300.0%2CN%3Blearning%2C24.300.0%2CN%3Bsocialnetwork%2C24.0.0%2CN%3Bui%2C24.300.0%2CN%3Bmobileapp%2C24.0.0%2CN%3Bsender%2C24.200.0%2CN%3Blanding%2C24.400.300%2CN%3Bbitrix.sitecorporate%2C24.0.0%2CN%3Brest%2C24.500.0%2CN%3Bcatalog%2C24.100.300%2CN%3Bclouds%2C24.100.0%2CN%3Bsecurity%2C24.0.0%2CN%3Bsubscribe%2C24.0.0%2CN%3Bb24connector%2C24.0.0%2CN%3Bhighloadblock%2C24.0.201%2CN%3Blocation%2C24.100.0%2CN%3Bphotogallery%2C24.100.0%2CN%3Bcurrency%2C24.0.0%2CN%3Bbitrixcloud%2C24.0.0%2CN%3Bstatistic%2C24.100.0%2CN%3Bmessageservice%2C24.500.0%2CN%3Bsocialservices%2C24.0.200%2CN%3Bconversion%2C24.0.0%2CN%3Bsotbit.multibasket%2C1.1.8%2CY%3Bvote%2C24.0.0%2CN%3Btranslate%2C24.0.0%2CN%3Bwiki%2C24.100.0%2CN%3Biblock%2C24.0.200%2CN%3Bpull%2C24.400.100%2CN%3Badvertising%2C24.100.0%2CN%3Bcalendar%2C24.50.100%2CN%3Bsotbit.info%2C1.0.4%2CN%3Bsearch%2C24.0.0%2CN%3Bmail%2C24.300.0%2CN%3Bwebservice%2C24.0.0%2CN%3Bbizproc%2C24.400.400%2CN%3Bfileman%2C24.100.0%2CN%3Bsale%2C24.200.50%2CN%3Bbitrix.eshop%2C24.0.0%2CN%3Bim%2C24.900.100%2CN%3Bstoreassist%2C24.0.0%2CN%3Bworkflow%2C24.0.0%2CN%3Babtest%2C24.100.0%2CN%3Breport%2C24.100.0%2CN&reqm=bitrix.sitecorporate%2Csotbit.multibasket%2Csotbit.info%2Cbitrix.eshop&fullmoduleinfo=Y&SUPD_SRS=RU&SUPD_CMP=N
2025-04-18 10:15:37 -  - exec CUpdateClientPartner::GetHTTPPage
2025-04-18 10:15:37 -  - TIME GetUpdatesList(request) 0.188 sec
2025-04-18 10:15:37 -  - exec CUpdateClientPartner::ParseServerData
2025-04-18 10:19:36 -  - exec CUpdateClientPartner::GetUpdatesList
2025-04-18 10:19:36 -  - exec CUpdateClientPartner::__CollectRequestData
2025-04-18 10:19:36 -  - utf=Y&lang=ru&stable=Y&CANGZIP=Y&SUPD_DBS=MYSQL&XE=N&CLIENT_SITE=helloims.beget.tech&LICENSE_KEY=X&SUPD_STS=1&SUPD_URS=0&TYPENC=D&CLIENT_PHPVER=8.1.30&NGINX=Y&dbv=8.0.34&instm=main%2C24.0.796%2CY%3Bform%2C24.0.0%2CN%3Bperfmon%2C24.0.0%2CN%3Bbizprocdesigner%2C24.400.0%2CN%3Bsupport%2C24.100.0%2CN%3Blists%2C24.400.0%2CN%3Bblog%2C24.0.0%2CN%3Bidea%2C24.100.0%2CN%3Bforum%2C24.100.300%2CN%3Bseo%2C24.300.0%2CN%3Blearning%2C24.300.0%2CN%3Bsocialnetwork%2C24.0.0%2CN%3Bui%2C24.300.0%2CN%3Bmobileapp%2C24.0.0%2CN%3Bsender%2C24.200.0%2CN%3Blanding%2C24.400.300%2CN%3Bbitrix.sitecorporate%2C24.0.0%2CN%3Brest%2C24.500.0%2CN%3Bcatalog%2C24.100.300%2CN%3Bclouds%2C24.100.0%2CN%3Bsecurity%2C24.0.0%2CN%3Bsubscribe%2C24.0.0%2CN%3Bb24connector%2C24.0.0%2CN%3Bhighloadblock%2C24.0.201%2CN%3Blocation%2C24.100.0%2CN%3Bphotogallery%2C24.100.0%2CN%3Bcurrency%2C24.0.0%2CN%3Bbitrixcloud%2C24.0.0%2CN%3Bstatistic%2C24.100.0%2CN%3Bmessageservice%2C24.500.0%2CN%3Bsocialservices%2C24.0.200%2CN%3Bconversion%2C24.0.0%2CN%3Bsotbit.multibasket%2C1.1.8%2CY%3Bvote%2C24.0.0%2CN%3Btranslate%2C24.0.0%2CN%3Bwiki%2C24.100.0%2CN%3Biblock%2C24.0.200%2CN%3Bpull%2C24.400.100%2CN%3Badvertising%2C24.100.0%2CN%3Bcalendar%2C24.50.100%2CN%3Bsotbit.info%2C1.0.4%2CN%3Bsearch%2C24.0.0%2CN%3Bmail%2C24.300.0%2CN%3Bwebservice%2C24.0.0%2CN%3Bbizproc%2C24.400.400%2CN%3Bfileman%2C24.100.0%2CN%3Bsale%2C24.200.50%2CN%3Bbitrix.eshop%2C24.0.0%2CN%3Bim%2C24.900.100%2CN%3Bstoreassist%2C24.0.0%2CN%3Bworkflow%2C24.0.0%2CN%3Babtest%2C24.100.0%2CN%3Breport%2C24.100.0%2CN&reqm=sotbit.multibasket%2Csotbit.info&SUPD_SRS=RU&SUPD_CMP=N
2025-04-18 10:19:36 -  - exec CUpdateClientPartner::GetHTTPPage
2025-04-18 10:19:37 -  - TIME GetUpdatesList(request) 0.338 sec
2025-04-18 10:19:37 -  - exec CUpdateClientPartner::ParseServerData
2025-04-18 10:19:44 -  - exec CUpdateClientPartner::GetUpdatesList
2025-04-18 10:19:44 -  - exec CUpdateClientPartner::__CollectRequestData
2025-04-18 10:19:44 -  - utf=Y&lang=ru&stable=Y&CANGZIP=Y&SUPD_DBS=MYSQL&XE=N&CLIENT_SITE=helloims.beget.tech&LICENSE_KEY=X&SUPD_STS=1&SUPD_URS=0&TYPENC=D&CLIENT_PHPVER=8.1.30&NGINX=Y&dbv=8.0.34&instm=main%2C24.0.796%2CY%3Bform%2C24.0.0%2CN%3Bperfmon%2C24.0.0%2CN%3Bbizprocdesigner%2C24.400.0%2CN%3Bsupport%2C24.100.0%2CN%3Blists%2C24.400.0%2CN%3Bblog%2C24.0.0%2CN%3Bidea%2C24.100.0%2CN%3Bforum%2C24.100.300%2CN%3Bseo%2C24.300.0%2CN%3Blearning%2C24.300.0%2CN%3Bsocialnetwork%2C24.0.0%2CN%3Bui%2C24.300.0%2CN%3Bmobileapp%2C24.0.0%2CN%3Bsender%2C24.200.0%2CN%3Blanding%2C24.400.300%2CN%3Bbitrix.sitecorporate%2C24.0.0%2CN%3Brest%2C24.500.0%2CN%3Bcatalog%2C24.100.300%2CN%3Bclouds%2C24.100.0%2CN%3Bsecurity%2C24.0.0%2CN%3Bsubscribe%2C24.0.0%2CN%3Bb24connector%2C24.0.0%2CN%3Bhighloadblock%2C24.0.201%2CN%3Blocation%2C24.100.0%2CN%3Bphotogallery%2C24.100.0%2CN%3Bcurrency%2C24.0.0%2CN%3Bbitrixcloud%2C24.0.0%2CN%3Bstatistic%2C24.100.0%2CN%3Bmessageservice%2C24.500.0%2CN%3Bsocialservices%2C24.0.200%2CN%3Bconversion%2C24.0.0%2CN%3Bsotbit.multibasket%2C1.1.8%2CY%3Bvote%2C24.0.0%2CN%3Btranslate%2C24.0.0%2CN%3Bwiki%2C24.100.0%2CN%3Biblock%2C24.0.200%2CN%3Bpull%2C24.400.100%2CN%3Badvertising%2C24.100.0%2CN%3Bcalendar%2C24.50.100%2CN%3Bsotbit.info%2C1.0.4%2CN%3Bsearch%2C24.0.0%2CN%3Bmail%2C24.300.0%2CN%3Bwebservice%2C24.0.0%2CN%3Bbizproc%2C24.400.400%2CN%3Bfileman%2C24.100.0%2CN%3Bsale%2C24.200.50%2CN%3Bbitrix.eshop%2C24.0.0%2CN%3Bim%2C24.900.100%2CN%3Bstoreassist%2C24.0.0%2CN%3Bworkflow%2C24.0.0%2CN%3Babtest%2C24.100.0%2CN%3Breport%2C24.100.0%2CN&reqm=sotbit.multibasket%2Csotbit.info&SUPD_SRS=RU&SUPD_CMP=N
2025-04-18 10:19:44 -  - exec CUpdateClientPartner::GetHTTPPage
2025-04-18 10:19:44 -  - TIME GetUpdatesList(request) 0.201 sec
2025-04-18 10:19:44 -  - exec CUpdateClientPartner::ParseServerData
2025-04-18 10:19:49 -  - exec CUpdateClientPartner::GetUpdatesList
2025-04-18 10:19:49 -  - exec CUpdateClientPartner::__CollectRequestData
2025-04-18 10:19:49 -  - utf=Y&lang=ru&stable=Y&CANGZIP=Y&SUPD_DBS=MYSQL&XE=N&CLIENT_SITE=helloims.beget.tech&LICENSE_KEY=X&SUPD_STS=1&SUPD_URS=0&TYPENC=D&CLIENT_PHPVER=8.1.30&NGINX=Y&dbv=8.0.34&instm=main%2C24.0.796%2CY%3Bform%2C24.0.0%2CN%3Bperfmon%2C24.0.0%2CN%3Bbizprocdesigner%2C24.400.0%2CN%3Bsupport%2C24.100.0%2CN%3Blists%2C24.400.0%2CN%3Bblog%2C24.0.0%2CN%3Bidea%2C24.100.0%2CN%3Bforum%2C24.100.300%2CN%3Bseo%2C24.300.0%2CN%3Blearning%2C24.300.0%2CN%3Bsocialnetwork%2C24.0.0%2CN%3Bui%2C24.300.0%2CN%3Bmobileapp%2C24.0.0%2CN%3Bsender%2C24.200.0%2CN%3Blanding%2C24.400.300%2CN%3Bbitrix.sitecorporate%2C24.0.0%2CN%3Brest%2C24.500.0%2CN%3Bcatalog%2C24.100.300%2CN%3Bclouds%2C24.100.0%2CN%3Bsecurity%2C24.0.0%2CN%3Bsubscribe%2C24.0.0%2CN%3Bb24connector%2C24.0.0%2CN%3Bhighloadblock%2C24.0.201%2CN%3Blocation%2C24.100.0%2CN%3Bphotogallery%2C24.100.0%2CN%3Bcurrency%2C24.0.0%2CN%3Bbitrixcloud%2C24.0.0%2CN%3Bstatistic%2C24.100.0%2CN%3Bmessageservice%2C24.500.0%2CN%3Bsocialservices%2C24.0.200%2CN%3Bconversion%2C24.0.0%2CN%3Bsotbit.multibasket%2C1.1.8%2CY%3Bvote%2C24.0.0%2CN%3Btranslate%2C24.0.0%2CN%3Bwiki%2C24.100.0%2CN%3Biblock%2C24.0.200%2CN%3Bpull%2C24.400.100%2CN%3Badvertising%2C24.100.0%2CN%3Bcalendar%2C24.50.100%2CN%3Bsotbit.info%2C1.0.4%2CN%3Bsearch%2C24.0.0%2CN%3Bmail%2C24.300.0%2CN%3Bwebservice%2C24.0.0%2CN%3Bbizproc%2C24.400.400%2CN%3Bfileman%2C24.100.0%2CN%3Bsale%2C24.200.50%2CN%3Bbitrix.eshop%2C24.0.0%2CN%3Bim%2C24.900.100%2CN%3Bstoreassist%2C24.0.0%2CN%3Bworkflow%2C24.0.0%2CN%3Babtest%2C24.100.0%2CN%3Breport%2C24.100.0%2CN&reqm=sotbit.multibasket%2Csotbit.info&SUPD_SRS=RU&SUPD_CMP=N
2025-04-18 10:19:49 -  - exec CUpdateClientPartner::GetHTTPPage
2025-04-18 10:19:49 -  - TIME GetUpdatesList(request) 0.168 sec
2025-04-18 10:19:49 -  - exec CUpdateClientPartner::ParseServerData
2025-04-18 10:20:09 -  - exec CUpdateClientPartner::GetUpdatesList
2025-04-18 10:20:09 -  - exec CUpdateClientPartner::__CollectRequestData
2025-04-18 10:20:09 -  - utf=Y&lang=ru&stable=Y&CANGZIP=Y&SUPD_DBS=MYSQL&XE=N&CLIENT_SITE=helloims.beget.tech&LICENSE_KEY=X&SUPD_STS=1&SUPD_URS=0&TYPENC=D&CLIENT_PHPVER=8.1.30&NGINX=Y&dbv=8.0.34&instm=main%2C24.0.796%2CY%3Bform%2C24.0.0%2CN%3Bperfmon%2C24.0.0%2CN%3Bbizprocdesigner%2C24.400.0%2CN%3Bsupport%2C24.100.0%2CN%3Blists%2C24.400.0%2CN%3Bblog%2C24.0.0%2CN%3Bidea%2C24.100.0%2CN%3Bforum%2C24.100.300%2CN%3Bseo%2C24.300.0%2CN%3Blearning%2C24.300.0%2CN%3Bsocialnetwork%2C24.0.0%2CN%3Bui%2C24.300.0%2CN%3Bmobileapp%2C24.0.0%2CN%3Bsender%2C24.200.0%2CN%3Blanding%2C24.400.300%2CN%3Bbitrix.sitecorporate%2C24.0.0%2CN%3Brest%2C24.500.0%2CN%3Bcatalog%2C24.100.300%2CN%3Bclouds%2C24.100.0%2CN%3Bsecurity%2C24.0.0%2CN%3Bsubscribe%2C24.0.0%2CN%3Bb24connector%2C24.0.0%2CN%3Bhighloadblock%2C24.0.201%2CN%3Blocation%2C24.100.0%2CN%3Bphotogallery%2C24.100.0%2CN%3Bcurrency%2C24.0.0%2CN%3Bbitrixcloud%2C24.0.0%2CN%3Bstatistic%2C24.100.0%2CN%3Bmessageservice%2C24.500.0%2CN%3Bsocialservices%2C24.0.200%2CN%3Bconversion%2C24.0.0%2CN%3Bsotbit.multibasket%2C1.1.8%2CY%3Bvote%2C24.0.0%2CN%3Btranslate%2C24.0.0%2CN%3Bwiki%2C24.100.0%2CN%3Biblock%2C24.0.200%2CN%3Bpull%2C24.400.100%2CN%3Badvertising%2C24.100.0%2CN%3Bcalendar%2C24.50.100%2CN%3Bsotbit.info%2C1.0.4%2CN%3Bsearch%2C24.0.0%2CN%3Bmail%2C24.300.0%2CN%3Bwebservice%2C24.0.0%2CN%3Bbizproc%2C24.400.400%2CN%3Bfileman%2C24.100.0%2CN%3Bsale%2C24.200.50%2CN%3Bbitrix.eshop%2C24.0.0%2CN%3Bim%2C24.900.100%2CN%3Bstoreassist%2C24.0.0%2CN%3Bworkflow%2C24.0.0%2CN%3Babtest%2C24.100.0%2CN%3Breport%2C24.100.0%2CN&reqm=sotbit.multibasket%2Csotbit.info&SUPD_SRS=RU&SUPD_CMP=N
2025-04-18 10:20:09 -  - exec CUpdateClientPartner::GetHTTPPage
2025-04-18 10:20:10 -  - TIME GetUpdatesList(request) 0.178 sec
2025-04-18 10:20:10 -  - exec CUpdateClientPartner::ParseServerData
2025-04-18 10:20:12 -  - exec CUpdateClientPartner::GetUpdatesList
2025-04-18 10:20:12 -  - exec CUpdateClientPartner::__CollectRequestData
2025-04-18 10:20:12 -  - utf=Y&lang=ru&stable=Y&CANGZIP=Y&SUPD_DBS=MYSQL&XE=N&CLIENT_SITE=helloims.beget.tech&LICENSE_KEY=X&SUPD_STS=1&SUPD_URS=0&TYPENC=D&CLIENT_PHPVER=8.1.30&NGINX=Y&dbv=8.0.34&instm=main%2C24.0.796%2CY%3Bform%2C24.0.0%2CN%3Bperfmon%2C24.0.0%2CN%3Bbizprocdesigner%2C24.400.0%2CN%3Bsupport%2C24.100.0%2CN%3Blists%2C24.400.0%2CN%3Bblog%2C24.0.0%2CN%3Bidea%2C24.100.0%2CN%3Bforum%2C24.100.300%2CN%3Bseo%2C24.300.0%2CN%3Blearning%2C24.300.0%2CN%3Bsocialnetwork%2C24.0.0%2CN%3Bui%2C24.300.0%2CN%3Bmobileapp%2C24.0.0%2CN%3Bsender%2C24.200.0%2CN%3Blanding%2C24.400.300%2CN%3Bbitrix.sitecorporate%2C24.0.0%2CN%3Brest%2C24.500.0%2CN%3Bcatalog%2C24.100.300%2CN%3Bclouds%2C24.100.0%2CN%3Bsecurity%2C24.0.0%2CN%3Bsubscribe%2C24.0.0%2CN%3Bb24connector%2C24.0.0%2CN%3Bhighloadblock%2C24.0.201%2CN%3Blocation%2C24.100.0%2CN%3Bphotogallery%2C24.100.0%2CN%3Bcurrency%2C24.0.0%2CN%3Bbitrixcloud%2C24.0.0%2CN%3Bstatistic%2C24.100.0%2CN%3Bmessageservice%2C24.500.0%2CN%3Bsocialservices%2C24.0.200%2CN%3Bconversion%2C24.0.0%2CN%3Bsotbit.multibasket%2C1.1.8%2CY%3Bvote%2C24.0.0%2CN%3Btranslate%2C24.0.0%2CN%3Bwiki%2C24.100.0%2CN%3Biblock%2C24.0.200%2CN%3Bpull%2C24.400.100%2CN%3Badvertising%2C24.100.0%2CN%3Bcalendar%2C24.50.100%2CN%3Bsotbit.info%2C1.0.4%2CN%3Bsearch%2C24.0.0%2CN%3Bmail%2C24.300.0%2CN%3Bwebservice%2C24.0.0%2CN%3Bbizproc%2C24.400.400%2CN%3Bfileman%2C24.100.0%2CN%3Bsale%2C24.200.50%2CN%3Bbitrix.eshop%2C24.0.0%2CN%3Bim%2C24.900.100%2CN%3Bstoreassist%2C24.0.0%2CN%3Bworkflow%2C24.0.0%2CN%3Babtest%2C24.100.0%2CN%3Breport%2C24.100.0%2CN&reqm=sotbit.multibasket%2Csotbit.info&SUPD_SRS=RU&SUPD_CMP=N
2025-04-18 10:20:12 -  - exec CUpdateClientPartner::GetHTTPPage
2025-04-18 10:20:12 -  - TIME GetUpdatesList(request) 0.233 sec
2025-04-18 10:20:12 -  - exec CUpdateClientPartner::ParseServerData
2025-04-18 10:21:30 -  - exec CUpdateClientPartner::GetUpdatesList
2025-04-18 10:21:30 -  - exec CUpdateClientPartner::__CollectRequestData
2025-04-18 10:21:30 -  - utf=Y&lang=ru&stable=Y&CANGZIP=Y&SUPD_DBS=MYSQL&XE=N&CLIENT_SITE=helloims.beget.tech&LICENSE_KEY=X&SUPD_STS=1&SUPD_URS=0&TYPENC=D&CLIENT_PHPVER=8.1.30&NGINX=Y&dbv=8.0.34&instm=main%2C24.0.796%2CY%3Bform%2C24.0.0%2CN%3Bperfmon%2C24.0.0%2CN%3Bbizprocdesigner%2C24.400.0%2CN%3Bsupport%2C24.100.0%2CN%3Blists%2C24.400.0%2CN%3Bblog%2C24.0.0%2CN%3Bidea%2C24.100.0%2CN%3Bforum%2C24.100.300%2CN%3Bseo%2C24.300.0%2CN%3Blearning%2C24.300.0%2CN%3Bsocialnetwork%2C24.0.0%2CN%3Bui%2C24.300.0%2CN%3Bmobileapp%2C24.0.0%2CN%3Bsender%2C24.200.0%2CN%3Blanding%2C24.400.300%2CN%3Bbitrix.sitecorporate%2C24.0.0%2CN%3Brest%2C24.500.0%2CN%3Bcatalog%2C24.100.300%2CN%3Bclouds%2C24.100.0%2CN%3Bsecurity%2C24.0.0%2CN%3Bsubscribe%2C24.0.0%2CN%3Bb24connector%2C24.0.0%2CN%3Bhighloadblock%2C24.0.201%2CN%3Blocation%2C24.100.0%2CN%3Bphotogallery%2C24.100.0%2CN%3Bcurrency%2C24.0.0%2CN%3Bbitrixcloud%2C24.0.0%2CN%3Bstatistic%2C24.100.0%2CN%3Bmessageservice%2C24.500.0%2CN%3Bsocialservices%2C24.0.200%2CN%3Bconversion%2C24.0.0%2CN%3Bsotbit.multibasket%2C1.1.8%2CY%3Bvote%2C24.0.0%2CN%3Btranslate%2C24.0.0%2CN%3Bwiki%2C24.100.0%2CN%3Biblock%2C24.0.200%2CN%3Bpull%2C24.400.100%2CN%3Badvertising%2C24.100.0%2CN%3Bcalendar%2C24.50.100%2CN%3Bsotbit.info%2C1.0.4%2CN%3Bsearch%2C24.0.0%2CN%3Bmail%2C24.300.0%2CN%3Bwebservice%2C24.0.0%2CN%3Bbizproc%2C24.400.400%2CN%3Bfileman%2C24.100.0%2CN%3Bsale%2C24.200.50%2CN%3Bbitrix.eshop%2C24.0.0%2CN%3Bim%2C24.900.100%2CN%3Bstoreassist%2C24.0.0%2CN%3Bworkflow%2C24.0.0%2CN%3Babtest%2C24.100.0%2CN%3Breport%2C24.100.0%2CN&reqm=sotbit.multibasket%2Csotbit.info&SUPD_SRS=RU&SUPD_CMP=N
2025-04-18 10:21:30 -  - exec CUpdateClientPartner::GetHTTPPage
2025-04-18 10:21:31 -  - TIME GetUpdatesList(request) 0.173 sec
2025-04-18 10:21:31 -  - exec CUpdateClientPartner::ParseServerData
